M:\PROJECTS\NAMEDPIPE_HOST\PIPE_WINDBG\PIPE_WINDBG\DEBUG\PIPE_WINDBG.PCH
M:\PROJECTS\NAMEDPIPE_HOST\PIPE_WINDBG\PIPE_WINDBG\DEBUG\VC110.PDB
M:\PROJECTS\NAMEDPIPE_HOST\PIPE_WINDBG\PIPE_WINDBG\DEBUG\STDAFX.OBJ
M:\PROJECTS\NAMEDPIPE_HOST\PIPE_WINDBG\PIPE_WINDBG\DEBUG\PIPE_WINDBG.OBJ
M:\PROJECTS\NAMEDPIPE_HOST\PIPE_WINDBG\PIPE_WINDBG\DEBUG\BLKD.OBJ
M:\PROJECTS\NAMEDPIPE_HOST\PIPE_WINDBG\PIPE_WINDBG\DEBUG\BLUTILS.OBJ
M:\PROJECTS\NAMEDPIPE_HOST\PIPE_WINDBG\PIPE_WINDBG\DEBUG\BLKDCOM.OBJ
M:\PROJECTS\NAMEDPIPE_HOST\PIPE_WINDBG\DEBUG\PIPE_WINDBG.ILK
M:\PROJECTS\NAMEDPIPE_HOST\PIPE_WINDBG\DEBUG\PIPE_WINDBG.EXE
M:\PROJECTS\NAMEDPIPE_HOST\PIPE_WINDBG\DEBUG\PIPE_WINDBG.PDB
M:\projects\NamedPipe_host\pipe_windbg\pipe_windbg\Debug\blkd.obj
M:\projects\NamedPipe_host\pipe_windbg\pipe_windbg\Debug\blkdcom.obj
M:\projects\NamedPipe_host\pipe_windbg\pipe_windbg\Debug\blutils.obj
M:\projects\NamedPipe_host\pipe_windbg\pipe_windbg\Debug\pipe_windbg.obj
M:\projects\NamedPipe_host\pipe_windbg\pipe_windbg\Debug\stdafx.obj
M:\projects\NamedPipe_host\pipe_windbg\pipe_windbg\Debug\cl.command.1.tlog
M:\projects\NamedPipe_host\pipe_windbg\pipe_windbg\Debug\CL.read.1.tlog
M:\projects\NamedPipe_host\pipe_windbg\pipe_windbg\Debug\CL.write.1.tlog
M:\projects\NamedPipe_host\pipe_windbg\pipe_windbg\Debug\link-cvtres.read.1.tlog
M:\projects\NamedPipe_host\pipe_windbg\pipe_windbg\Debug\link-cvtres.write.1.tlog
M:\projects\NamedPipe_host\pipe_windbg\pipe_windbg\Debug\link-rc.read.1.tlog
M:\projects\NamedPipe_host\pipe_windbg\pipe_windbg\Debug\link-rc.write.1.tlog
M:\projects\NamedPipe_host\pipe_windbg\pipe_windbg\Debug\link.672-cvtres.read.1.tlog
M:\projects\NamedPipe_host\pipe_windbg\pipe_windbg\Debug\link.672-cvtres.write.1.tlog
M:\projects\NamedPipe_host\pipe_windbg\pipe_windbg\Debug\link.672-rc.read.1.tlog
M:\projects\NamedPipe_host\pipe_windbg\pipe_windbg\Debug\link.672-rc.write.1.tlog
M:\projects\NamedPipe_host\pipe_windbg\pipe_windbg\Debug\link.672.read.1.tlog
M:\projects\NamedPipe_host\pipe_windbg\pipe_windbg\Debug\link.672.write.1.tlog
M:\projects\NamedPipe_host\pipe_windbg\pipe_windbg\Debug\link.command.1.tlog
M:\projects\NamedPipe_host\pipe_windbg\pipe_windbg\Debug\link.read.1.tlog
M:\projects\NamedPipe_host\pipe_windbg\pipe_windbg\Debug\link.write.1.tlog
M:\projects\NamedPipe_host\pipe_windbg\pipe_windbg\Debug\pipe_windbg.pch
M:\projects\NamedPipe_host\pipe_windbg\pipe_windbg\Debug\vc110.idb
M:\projects\NamedPipe_host\pipe_windbg\pipe_windbg\Debug\vc110.pdb
M:\projects\NamedPipe_host\pipe_windbg\Debug\pipe_windbg.pdb
