生成启动时间为 2013/6/16 22:13:36。
     1>项目“M:\github\demo6_1\SysCore\Kernel\Kernel.vcxproj”在节点 2 上(Rebuild 个目标)。
     1>ClCompile:
         M:\Microsoft Visual Studio 11.0\VC\bin\CL.exe /c /I..\Include\ /Zi /nologo /W4 /WX- /O2 /Oy- /D ARCH_X86 /X /Gm- /MD /Zp1 /GS- /fp:precise /Zc:wchar_t /Zc:forScope /GR- /FAs /Fa"Debug\\" /Fo"Debug\\" /Fd"Debug\vc110.pdb" /Gd /TP /analyze- /errorReport:prompt /Oy DebugDisplay.cpp entry.cpp main.cpp
     1>cl : 命令行 warning D9025: 正在重写“/Oy-”(用“/Oy”)
         DebugDisplay.cpp
         entry.cpp
         main.cpp
         正在生成代码...
     1>m:\github\demo6_1\syscore\kernel\debugdisplay.cpp(230): warning C4715: “DebugPrintf”: 不是所有的控件路径都返回值
       ResourceCompile:
         C:\Program Files (x86)\Windows Kits\8.0\bin\x86\rc.exe /l"0x0409" /nologo /fo"Debug\Resource.res" Resource.rc 
     1>C:\Program Files (x86)\MSBuild\Microsoft.Cpp\v4.0\V110\Microsoft.CppBuild.targets(1137,5): warning MSB8012: TargetPath(M:\github\demo6_1\SysCore\Debug\Kernel.exe) does not match the Linker's OutputFile property value (M:\github\demo6_1\SysCore\Kernel\KRNL32.EXE). This may cause your project to build incorrectly. To correct this, please make sure that $(OutDir), $(TargetName) and $(TargetExt) property values match the value specified in %(Link.OutputFile).
     1>C:\Program Files (x86)\MSBuild\Microsoft.Cpp\v4.0\V110\Microsoft.CppBuild.targets(1139,5): warning MSB8012: TargetName(Kernel) does not match the Linker's OutputFile property value (KRNL32). This may cause your project to build incorrectly. To correct this, please make sure that $(OutDir), $(TargetName) and $(TargetExt) property values match the value specified in %(Link.OutputFile).
       Link:
         M:\Microsoft Visual Studio 11.0\VC\bin\link.exe /ERRORREPORT:PROMPT /OUT:"KRNL32.EXE" /INCREMENTAL:NO /NOLOGO /LIBPATH:..\Lib\ /NODEFAULTLIB /MANIFEST:NO /DEBUG /PDB:"M:\github\demo6_1\SysCore\Debug\Kernel.pdb" /MAP:"Kernel.map" /SUBSYSTEM:NATIVE /Driver /OPT:REF /OPT:ICF /TLBID:1 /ENTRY:"kernel_entry" /BASE:"0x100000" /DYNAMICBASE /FIXED:NO /NXCOMPAT /IMPLIB:"M:\github\demo6_1\SysCore\Debug\Kernel.lib" /MACHINE:X86 /SAFESEH /ALIGN:512 Debug\Resource.res
         Debug\DebugDisplay.obj
         Debug\entry.obj
         Debug\main.obj
         M:\github\demo6_1\SysCore\Debug\Lib.lib
     1>Lib.lib(cstd.obj) : warning LNK4254: 节“.CRT”(40000040)合并到具有不同特性的“.data”(C0000040)
         Kernel.vcxproj -> M:\github\demo6_1\SysCore\Debug\Kernel.exe
     1>已完成生成项目“M:\github\demo6_1\SysCore\Kernel\Kernel.vcxproj”(Rebuild 个目标)的操作。

生成成功。

已用时间 00:00:01.22
